<?xml version="1.0" encoding="UTF-8"?>
<!-- Generated by org.testng.reporters.JUnitXMLReporter -->
<testsuite ignored="0" hostname="LAPTOP-ILCKSG21" failures="0" tests="5" name="Test" time="23.732" errors="0" timestamp="2022-12-03T20:36:38 EST">
  <testcase classname="TestNG.Blazedemo" name="a" time="8.184"/>
  <testcase classname="TestNG.Blazedemo" name="b" time="5.283"/>
  <testcase classname="TestNG.Blazedemo" name="c" time="10.131"/>
  <testcase classname="TestNG.Blazedemo" name="d" time="0.038"/>
  <testcase classname="TestNG.Blazedemo" name="e" time="0.039"/>
</testsuite> <!-- Test -->
