<?xml version="1.0" encoding="UTF-8"?>
<testng-results ignored="0" total="5" passed="5" failed="0" skipped="0">
  <reporter-output>
  </reporter-output>
  <suite started-at="2022-12-03T20:36:14 EST" name="Suite" finished-at="2022-12-03T20:36:38 EST" duration-ms="23732">
    <groups>
    </groups>
    <test started-at="2022-12-03T20:36:14 EST" name="Test" finished-at="2022-12-03T20:36:38 EST" duration-ms="23732">
      <class name="TestNG.Blazedemo">
        <test-method signature="a()[pri:0, instance:TestNG.Blazedemo@7e7be63f]" started-at="2022-12-03T20:36:14 EST" name="a" finished-at="2022-12-03T20:36:23 EST" duration-ms="8184" status="PASS">
          <reporter-output>
          </reporter-output>
        </test-method> <!-- a -->
        <test-method signature="b()[pri:0, instance:TestNG.Blazedemo@7e7be63f]" started-at="2022-12-03T20:36:23 EST" name="b" finished-at="2022-12-03T20:36:28 EST" duration-ms="5283" status="PASS">
          <reporter-output>
          </reporter-output>
        </test-method> <!-- b -->
        <test-method signature="c()[pri:0, instance:TestNG.Blazedemo@7e7be63f]" started-at="2022-12-03T20:36:28 EST" name="c" finished-at="2022-12-03T20:36:38 EST" duration-ms="10131" status="PASS">
          <reporter-output>
          </reporter-output>
        </test-method> <!-- c -->
        <test-method signature="d()[pri:0, instance:TestNG.Blazedemo@7e7be63f]" started-at="2022-12-03T20:36:38 EST" name="d" finished-at="2022-12-03T20:36:38 EST" duration-ms="38" status="PASS">
          <reporter-output>
          </reporter-output>
        </test-method> <!-- d -->
        <test-method signature="e()[pri:0, instance:TestNG.Blazedemo@7e7be63f]" started-at="2022-12-03T20:36:38 EST" name="e" finished-at="2022-12-03T20:36:38 EST" duration-ms="39" status="PASS">
          <reporter-output>
          </reporter-output>
        </test-method> <!-- e -->
      </class> <!-- TestNG.Blazedemo -->
    </test> <!-- Test -->
  </suite> <!-- Suite -->
</testng-results>
